<?xml version="1.0" encoding="UTF-8"?>
<!-- Generated by org.testng.reporters.JUnitReportReporter -->
<testsuite hostname="Pravis" failures="0" tests="1" name="org.main.Flipkart" time="15.126" errors="0" timestamp="2023-12-30T13:27:52 IST" skipped="0">
  <testcase classname="org.main.Flipkart" name="tc1" time="15.126"/>
  <system-out/>
</testsuite> <!-- org.main.Flipkart -->
